<?xml version="1.0" encoding="UTF-8"?>
<coverage generated="1726763019720" clover="3.2.0">
  <project timestamp="1726763019720" name="All files">
    <metrics statements="17" coveredstatements="11" conditionals="0" coveredconditionals="0" methods="8" coveredmethods="4" elements="25" coveredelements="15" complexity="0" loc="17" ncloc="17" packages="3" files="3" classes="3"/>
    <package name="application">
      <metrics statements="4" coveredstatements="2" conditionals="0" coveredconditionals="0" methods="4" coveredmethods="2"/>
      <file name="PhotoService.ts" path="C:\Users\ASUS\Desktop\EMPLEOS\MDS\front-test-master\src\lib\application\PhotoService.ts">
        <metrics statements="4" coveredstatements="2" conditionals="0" coveredconditionals="0" methods="4" coveredmethods="2"/>
        <line num="4" count="1" type="stmt"/>
        <line num="5" count="2" type="stmt"/>
        <line num="9" count="0" type="stmt"/>
        <line num="13" count="0" type="stmt"/>
      </file>
    </package>
    <package name="infrastructure">
      <metrics statements="9" coveredstatements="5" conditionals="0" coveredconditionals="0" methods="4" coveredmethods="2"/>
      <file name="FetchTaskRepository.ts" path="C:\Users\ASUS\Desktop\EMPLEOS\MDS\front-test-master\src\lib\infrastructure\FetchTaskRepository.ts">
        <metrics statements="9" coveredstatements="5" conditionals="0" coveredconditionals="0" methods="4" coveredmethods="2"/>
        <line num="5" count="1" type="stmt"/>
        <line num="7" count="1" type="stmt"/>
        <line num="9" count="2" type="stmt"/>
        <line num="10" count="2" type="stmt"/>
        <line num="11" count="2" type="stmt"/>
        <line num="14" count="0" type="stmt"/>
        <line num="22" count="0" type="stmt"/>
        <line num="23" count="0" type="stmt"/>
        <line num="24" count="0" type="stmt"/>
      </file>
    </package>
    <package name="shared">
      <metrics statements="4" coveredstatements="4" conditionals="0" coveredconditionals="0" methods="0" coveredmethods="0"/>
      <file name="sharedService.ts" path="C:\Users\ASUS\Desktop\EMPLEOS\MDS\front-test-master\src\lib\shared\sharedService.ts">
        <metrics statements="4" coveredstatements="4" conditionals="0" coveredconditionals="0" methods="0" coveredmethods="0"/>
        <line num="1" count="1" type="stmt"/>
        <line num="2" count="1" type="stmt"/>
        <line num="5" count="1" type="stmt"/>
        <line num="7" count="1" type="stmt"/>
      </file>
    </package>
  </project>
</coverage>
