{"C:\\Users\\ASUS\\Desktop\\EMPLEOS\\MDS\\front-test-master\\src\\lib\\application\\PhotoService.ts": {"path":"C:\\Users\\ASUS\\Desktop\\EMPLEOS\\MDS\\front-test-master\\src\\lib\\application\\PhotoService.ts","statementMap":{"0":{"start":{"line":4,"column":34},"end":{"line":15,"column":2}},"1":{"start":{"line":4,"column":65},"end":{"line":15,"column":2}},"2":{"start":{"line":5,"column":35},"end":{"line":5,"column":64}},"3":{"start":{"line":9,"column":8},"end":{"line":9,"column":null}},"4":{"start":{"line":13,"column":8},"end":{"line":13,"column":37}},"5":{"start":{"line":4,"column":13},"end":{"line":4,"column":34}}},"fnMap":{"0":{"name":"(anonymous_0)","decl":{"start":{"line":4,"column":34},"end":{"line":4,"column":35}},"loc":{"start":{"line":4,"column":65},"end":{"line":15,"column":2}}},"1":{"name":"(anonymous_1)","decl":{"start":{"line":5,"column":12},"end":{"line":5,"column":17}},"loc":{"start":{"line":5,"column":35},"end":{"line":5,"column":64}}},"2":{"name":"(anonymous_2)","decl":{"start":{"line":6,"column":10},"end":{"line":6,"column":15}},"loc":{"start":{"line":6,"column":31},"end":{"line":10,"column":5}}},"3":{"name":"(anonymous_3)","decl":{"start":{"line":11,"column":12},"end":{"line":11,"column":17}},"loc":{"start":{"line":13,"column":8},"end":{"line":13,"column":37}}}},"branchMap":{},"s":{"0":1,"1":1,"2":2,"3":0,"4":0,"5":1},"f":{"0":1,"1":2,"2":0,"3":0},"b":{}}
,"C:\\Users\\ASUS\\Desktop\\EMPLEOS\\MDS\\front-test-master\\src\\lib\\infrastructure\\FetchTaskRepository.ts": {"path":"C:\\Users\\ASUS\\Desktop\\EMPLEOS\\MDS\\front-test-master\\src\\lib\\infrastructure\\FetchTaskRepository.ts","statementMap":{"0":{"start":{"line":5,"column":41},"end":{"line":27,"column":1}},"1":{"start":{"line":7,"column":4},"end":{"line":26,"column":null}},"2":{"start":{"line":9,"column":28},"end":{"line":9,"column":84}},"3":{"start":{"line":10,"column":26},"end":{"line":10,"column":58}},"4":{"start":{"line":11,"column":12},"end":{"line":11,"column":null}},"5":{"start":{"line":14,"column":12},"end":{"line":19,"column":null}},"6":{"start":{"line":22,"column":28},"end":{"line":22,"column":86}},"7":{"start":{"line":23,"column":25},"end":{"line":23,"column":57}},"8":{"start":{"line":24,"column":12},"end":{"line":24,"column":null}},"9":{"start":{"line":5,"column":13},"end":{"line":5,"column":41}}},"fnMap":{"0":{"name":"(anonymous_0)","decl":{"start":{"line":5,"column":41},"end":{"line":5,"column":60}},"loc":{"start":{"line":5,"column":62},"end":{"line":27,"column":1}}},"1":{"name":"(anonymous_1)","decl":{"start":{"line":8,"column":15},"end":{"line":8,"column":20}},"loc":{"start":{"line":8,"column":35},"end":{"line":12,"column":9}}},"2":{"name":"(anonymous_2)","decl":{"start":{"line":13,"column":14},"end":{"line":13,"column":19}},"loc":{"start":{"line":13,"column":33},"end":{"line":20,"column":9}}},"3":{"name":"(anonymous_3)","decl":{"start":{"line":21,"column":16},"end":{"line":21,"column":21}},"loc":{"start":{"line":21,"column":37},"end":{"line":25,"column":9}}}},"branchMap":{},"s":{"0":1,"1":1,"2":2,"3":2,"4":2,"5":0,"6":0,"7":0,"8":0,"9":1},"f":{"0":1,"1":2,"2":0,"3":0},"b":{}}
,"C:\\Users\\ASUS\\Desktop\\EMPLEOS\\MDS\\front-test-master\\src\\lib\\shared\\sharedService.ts": {"path":"C:\\Users\\ASUS\\Desktop\\EMPLEOS\\MDS\\front-test-master\\src\\lib\\shared\\sharedService.ts","statementMap":{"0":{"start":{"line":1,"column":0},"end":{"line":1,"column":65}},"1":{"start":{"line":2,"column":0},"end":{"line":2,"column":83}},"2":{"start":{"line":5,"column":19},"end":{"line":5,"column":47}},"3":{"start":{"line":7,"column":13},"end":{"line":7,"column":60}}},"fnMap":{},"branchMap":{},"s":{"0":1,"1":1,"2":1,"3":1},"f":{},"b":{}}
}
